{"data":{"agentId":"4ce25b0a-0d5c-4354-9e1a-88083c39e014"},"hypothesisId":"H9","location":"remote_terminal.rs:ws_remote_terminal:entry","message":"Remote terminal websocket requested","runId":"probe-2","sessionId":"2d97d5","timestamp":1774725314230}
{"data":{"agentId":"4ce25b0a-0d5c-4354-9e1a-88083c39e014","upstreamUrl":"ws://ab6d2375031e74ce1976fdf62ea951a4-e757483aaffba396.elb.us-east-2.amazonaws.com/v1/agents/4ce25b0a-0d5c-4354-9e1a-88083c39e014/terminal/ws"},"hypothesisId":"H9","location":"remote_terminal.rs:ws_remote_terminal:proxy_target","message":"Remote terminal proxy target resolved","runId":"probe-2","sessionId":"2d97d5","timestamp":1774725314304}
{"data":{"cmd":null,"cwd":"/home/aura/test","keyCount":4,"type":"spawn"},"hypothesisId":"H11","location":"remote_terminal.rs:forward_client:spawn_payload","message":"Observed outbound terminal control payload","runId":"probe-5","sessionId":"2d97d5","timestamp":1774725314454}
{"data":{"hasCwd":false,"hasData":false,"type":"spawned"},"hypothesisId":"H11","location":"remote_terminal.rs:forward_upstream:message_shape","message":"Observed upstream terminal message shape","runId":"probe-5","sessionId":"2d97d5","timestamp":1774725314520}
{"data":{"hasCwd":false,"hasData":true,"type":"output"},"hypothesisId":"H11","location":"remote_terminal.rs:forward_upstream:message_shape","message":"Observed upstream terminal message shape","runId":"probe-5","sessionId":"2d97d5","timestamp":1774725314624}
{"data":{"hasCwd":false,"hasData":true,"type":"output"},"hypothesisId":"H11","location":"remote_terminal.rs:forward_upstream:message_shape","message":"Observed upstream terminal message shape","runId":"probe-5","sessionId":"2d97d5","timestamp":1774725314625}
{"data":{"agentId":"4ce25b0a-0d5c-4354-9e1a-88083c39e014"},"hypothesisId":"H9","location":"remote_terminal.rs:ws_remote_terminal:entry","message":"Remote terminal websocket requested","runId":"probe-2","sessionId":"2d97d5","timestamp":1774725315701}
{"data":{"agentId":"4ce25b0a-0d5c-4354-9e1a-88083c39e014","upstreamUrl":"ws://ab6d2375031e74ce1976fdf62ea951a4-e757483aaffba396.elb.us-east-2.amazonaws.com/v1/agents/4ce25b0a-0d5c-4354-9e1a-88083c39e014/terminal/ws"},"hypothesisId":"H9","location":"remote_terminal.rs:ws_remote_terminal:proxy_target","message":"Remote terminal proxy target resolved","runId":"probe-2","sessionId":"2d97d5","timestamp":1774725315743}
{"data":{"cmd":null,"cwd":"/home/aura/test","keyCount":4,"type":"spawn"},"hypothesisId":"H11","location":"remote_terminal.rs:forward_client:spawn_payload","message":"Observed outbound terminal control payload","runId":"probe-5","sessionId":"2d97d5","timestamp":1774725315873}
{"data":{"hasCwd":false,"hasData":false,"type":"spawned"},"hypothesisId":"H11","location":"remote_terminal.rs:forward_upstream:message_shape","message":"Observed upstream terminal message shape","runId":"probe-5","sessionId":"2d97d5","timestamp":1774725315938}
{"data":{"hasCwd":false,"hasData":true,"type":"output"},"hypothesisId":"H11","location":"remote_terminal.rs:forward_upstream:message_shape","message":"Observed upstream terminal message shape","runId":"probe-5","sessionId":"2d97d5","timestamp":1774725316050}
{"data":{"hasCwd":false,"hasData":true,"type":"output"},"hypothesisId":"H11","location":"remote_terminal.rs:forward_upstream:message_shape","message":"Observed upstream terminal message shape","runId":"probe-5","sessionId":"2d97d5","timestamp":1774725316050}
{"data":{"agentId":"4ce25b0a-0d5c-4354-9e1a-88083c39e014"},"hypothesisId":"H9","location":"remote_terminal.rs:ws_remote_terminal:entry","message":"Remote terminal websocket requested","runId":"probe-2","sessionId":"2d97d5","timestamp":1774725317332}
{"data":{"agentId":"4ce25b0a-0d5c-4354-9e1a-88083c39e014","upstreamUrl":"ws://ab6d2375031e74ce1976fdf62ea951a4-e757483aaffba396.elb.us-east-2.amazonaws.com/v1/agents/4ce25b0a-0d5c-4354-9e1a-88083c39e014/terminal/ws"},"hypothesisId":"H9","location":"remote_terminal.rs:ws_remote_terminal:proxy_target","message":"Remote terminal proxy target resolved","runId":"probe-2","sessionId":"2d97d5","timestamp":1774725317374}
{"data":{"cmd":null,"cwd":"/home/aura/test","keyCount":4,"type":"spawn"},"hypothesisId":"H11","location":"remote_terminal.rs:forward_client:spawn_payload","message":"Observed outbound terminal control payload","runId":"probe-5","sessionId":"2d97d5","timestamp":1774725317504}
{"data":{"hasCwd":false,"hasData":false,"type":"spawned"},"hypothesisId":"H11","location":"remote_terminal.rs:forward_upstream:message_shape","message":"Observed upstream terminal message shape","runId":"probe-5","sessionId":"2d97d5","timestamp":1774725317569}
{"data":{"hasCwd":false,"hasData":true,"type":"output"},"hypothesisId":"H11","location":"remote_terminal.rs:forward_upstream:message_shape","message":"Observed upstream terminal message shape","runId":"probe-5","sessionId":"2d97d5","timestamp":1774725317684}
{"data":{"hasCwd":false,"hasData":true,"type":"output"},"hypothesisId":"H11","location":"remote_terminal.rs:forward_upstream:message_shape","message":"Observed upstream terminal message shape","runId":"probe-5","sessionId":"2d97d5","timestamp":1774725317684}
{"data":{"agentId":"4ce25b0a-0d5c-4354-9e1a-88083c39e014"},"hypothesisId":"H9","location":"remote_terminal.rs:ws_remote_terminal:entry","message":"Remote terminal websocket requested","runId":"probe-2","sessionId":"2d97d5","timestamp":1774725317766}
{"data":{"agentId":"4ce25b0a-0d5c-4354-9e1a-88083c39e014","upstreamUrl":"ws://ab6d2375031e74ce1976fdf62ea951a4-e757483aaffba396.elb.us-east-2.amazonaws.com/v1/agents/4ce25b0a-0d5c-4354-9e1a-88083c39e014/terminal/ws"},"hypothesisId":"H9","location":"remote_terminal.rs:ws_remote_terminal:proxy_target","message":"Remote terminal proxy target resolved","runId":"probe-2","sessionId":"2d97d5","timestamp":1774725317807}
{"data":{"cmd":null,"cwd":"/home/aura/test","keyCount":4,"type":"spawn"},"hypothesisId":"H11","location":"remote_terminal.rs:forward_client:spawn_payload","message":"Observed outbound terminal control payload","runId":"probe-5","sessionId":"2d97d5","timestamp":1774725317937}
{"data":{"hasCwd":false,"hasData":false,"type":"spawned"},"hypothesisId":"H11","location":"remote_terminal.rs:forward_upstream:message_shape","message":"Observed upstream terminal message shape","runId":"probe-5","sessionId":"2d97d5","timestamp":1774725318002}
{"data":{"hasCwd":false,"hasData":true,"type":"output"},"hypothesisId":"H11","location":"remote_terminal.rs:forward_upstream:message_shape","message":"Observed upstream terminal message shape","runId":"probe-5","sessionId":"2d97d5","timestamp":1774725318116}
{"data":{"hasCwd":false,"hasData":true,"type":"output"},"hypothesisId":"H11","location":"remote_terminal.rs:forward_upstream:message_shape","message":"Observed upstream terminal message shape","runId":"probe-5","sessionId":"2d97d5","timestamp":1774725318117}
{"data":{"agentId":"4ce25b0a-0d5c-4354-9e1a-88083c39e014"},"hypothesisId":"H9","location":"remote_terminal.rs:ws_remote_terminal:entry","message":"Remote terminal websocket requested","runId":"probe-2","sessionId":"2d97d5","timestamp":1774725318798}
{"data":{"agentId":"4ce25b0a-0d5c-4354-9e1a-88083c39e014","upstreamUrl":"ws://ab6d2375031e74ce1976fdf62ea951a4-e757483aaffba396.elb.us-east-2.amazonaws.com/v1/agents/4ce25b0a-0d5c-4354-9e1a-88083c39e014/terminal/ws"},"hypothesisId":"H9","location":"remote_terminal.rs:ws_remote_terminal:proxy_target","message":"Remote terminal proxy target resolved","runId":"probe-2","sessionId":"2d97d5","timestamp":1774725318838}
{"data":{"cmd":null,"cwd":"/home/aura/test","keyCount":4,"type":"spawn"},"hypothesisId":"H11","location":"remote_terminal.rs:forward_client:spawn_payload","message":"Observed outbound terminal control payload","runId":"probe-5","sessionId":"2d97d5","timestamp":1774725318988}
{"data":{"hasCwd":false,"hasData":false,"type":"spawned"},"hypothesisId":"H11","location":"remote_terminal.rs:forward_upstream:message_shape","message":"Observed upstream terminal message shape","runId":"probe-5","sessionId":"2d97d5","timestamp":1774725319053}
{"data":{"hasCwd":false,"hasData":true,"type":"output"},"hypothesisId":"H11","location":"remote_terminal.rs:forward_upstream:message_shape","message":"Observed upstream terminal message shape","runId":"probe-5","sessionId":"2d97d5","timestamp":1774725319158}
{"data":{"hasCwd":false,"hasData":true,"type":"output"},"hypothesisId":"H11","location":"remote_terminal.rs:forward_upstream:message_shape","message":"Observed upstream terminal message shape","runId":"probe-5","sessionId":"2d97d5","timestamp":1774725319158}
{"data":{"agentId":"4ce25b0a-0d5c-4354-9e1a-88083c39e014"},"hypothesisId":"H9","location":"remote_terminal.rs:ws_remote_terminal:entry","message":"Remote terminal websocket requested","runId":"probe-2","sessionId":"2d97d5","timestamp":1774725319867}
{"data":{"agentId":"4ce25b0a-0d5c-4354-9e1a-88083c39e014","upstreamUrl":"ws://ab6d2375031e74ce1976fdf62ea951a4-e757483aaffba396.elb.us-east-2.amazonaws.com/v1/agents/4ce25b0a-0d5c-4354-9e1a-88083c39e014/terminal/ws"},"hypothesisId":"H9","location":"remote_terminal.rs:ws_remote_terminal:proxy_target","message":"Remote terminal proxy target resolved","runId":"probe-2","sessionId":"2d97d5","timestamp":1774725319911}
{"data":{"cmd":null,"cwd":"/home/aura/test","keyCount":4,"type":"spawn"},"hypothesisId":"H11","location":"remote_terminal.rs:forward_client:spawn_payload","message":"Observed outbound terminal control payload","runId":"probe-5","sessionId":"2d97d5","timestamp":1774725320056}
{"data":{"hasCwd":false,"hasData":false,"type":"spawned"},"hypothesisId":"H11","location":"remote_terminal.rs:forward_upstream:message_shape","message":"Observed upstream terminal message shape","runId":"probe-5","sessionId":"2d97d5","timestamp":1774725320122}
{"data":{"hasCwd":false,"hasData":true,"type":"output"},"hypothesisId":"H11","location":"remote_terminal.rs:forward_upstream:message_shape","message":"Observed upstream terminal message shape","runId":"probe-5","sessionId":"2d97d5","timestamp":1774725320226}
{"data":{"hasCwd":false,"hasData":true,"type":"output"},"hypothesisId":"H11","location":"remote_terminal.rs:forward_upstream:message_shape","message":"Observed upstream terminal message shape","runId":"probe-5","sessionId":"2d97d5","timestamp":1774725320227}
{"data":{"agentId":"4ce25b0a-0d5c-4354-9e1a-88083c39e014"},"hypothesisId":"H9","location":"remote_terminal.rs:ws_remote_terminal:entry","message":"Remote terminal websocket requested","runId":"probe-2","sessionId":"2d97d5","timestamp":1774725324015}
{"data":{"agentId":"4ce25b0a-0d5c-4354-9e1a-88083c39e014","upstreamUrl":"ws://ab6d2375031e74ce1976fdf62ea951a4-e757483aaffba396.elb.us-east-2.amazonaws.com/v1/agents/4ce25b0a-0d5c-4354-9e1a-88083c39e014/terminal/ws"},"hypothesisId":"H9","location":"remote_terminal.rs:ws_remote_terminal:proxy_target","message":"Remote terminal proxy target resolved","runId":"probe-2","sessionId":"2d97d5","timestamp":1774725324067}
{"data":{"cmd":null,"cwd":"/home/aura/test","keyCount":4,"type":"spawn"},"hypothesisId":"H11","location":"remote_terminal.rs:forward_client:spawn_payload","message":"Observed outbound terminal control payload","runId":"probe-5","sessionId":"2d97d5","timestamp":1774725324212}
{"data":{"hasCwd":false,"hasData":false,"type":"spawned"},"hypothesisId":"H11","location":"remote_terminal.rs:forward_upstream:message_shape","message":"Observed upstream terminal message shape","runId":"probe-5","sessionId":"2d97d5","timestamp":1774725324278}
{"data":{"hasCwd":false,"hasData":true,"type":"output"},"hypothesisId":"H11","location":"remote_terminal.rs:forward_upstream:message_shape","message":"Observed upstream terminal message shape","runId":"probe-5","sessionId":"2d97d5","timestamp":1774725324382}
{"data":{"hasCwd":false,"hasData":true,"type":"output"},"hypothesisId":"H11","location":"remote_terminal.rs:forward_upstream:message_shape","message":"Observed upstream terminal message shape","runId":"probe-5","sessionId":"2d97d5","timestamp":1774725324382}
{"data":{"agentId":"4ce25b0a-0d5c-4354-9e1a-88083c39e014"},"hypothesisId":"H9","location":"remote_terminal.rs:ws_remote_terminal:entry","message":"Remote terminal websocket requested","runId":"probe-2","sessionId":"2d97d5","timestamp":1774725324815}
{"data":{"agentId":"4ce25b0a-0d5c-4354-9e1a-88083c39e014","upstreamUrl":"ws://ab6d2375031e74ce1976fdf62ea951a4-e757483aaffba396.elb.us-east-2.amazonaws.com/v1/agents/4ce25b0a-0d5c-4354-9e1a-88083c39e014/terminal/ws"},"hypothesisId":"H9","location":"remote_terminal.rs:ws_remote_terminal:proxy_target","message":"Remote terminal proxy target resolved","runId":"probe-2","sessionId":"2d97d5","timestamp":1774725324860}
{"data":{"cmd":null,"cwd":"/home/aura/test","keyCount":4,"type":"spawn"},"hypothesisId":"H11","location":"remote_terminal.rs:forward_client:spawn_payload","message":"Observed outbound terminal control payload","runId":"probe-5","sessionId":"2d97d5","timestamp":1774725324990}
{"data":{"hasCwd":false,"hasData":false,"type":"spawned"},"hypothesisId":"H11","location":"remote_terminal.rs:forward_upstream:message_shape","message":"Observed upstream terminal message shape","runId":"probe-5","sessionId":"2d97d5","timestamp":1774725325055}
{"data":{"hasCwd":false,"hasData":true,"type":"output"},"hypothesisId":"H11","location":"remote_terminal.rs:forward_upstream:message_shape","message":"Observed upstream terminal message shape","runId":"probe-5","sessionId":"2d97d5","timestamp":1774725325169}
{"data":{"hasCwd":false,"hasData":true,"type":"output"},"hypothesisId":"H11","location":"remote_terminal.rs:forward_upstream:message_shape","message":"Observed upstream terminal message shape","runId":"probe-5","sessionId":"2d97d5","timestamp":1774725325170}
{"data":{"agentId":"4ce25b0a-0d5c-4354-9e1a-88083c39e014"},"hypothesisId":"H9","location":"remote_terminal.rs:ws_remote_terminal:entry","message":"Remote terminal websocket requested","runId":"probe-2","sessionId":"2d97d5","timestamp":1774725843572}
{"data":{"agentId":"4ce25b0a-0d5c-4354-9e1a-88083c39e014","upstreamUrl":"ws://ab6d2375031e74ce1976fdf62ea951a4-e757483aaffba396.elb.us-east-2.amazonaws.com/v1/agents/4ce25b0a-0d5c-4354-9e1a-88083c39e014/terminal/ws"},"hypothesisId":"H9","location":"remote_terminal.rs:ws_remote_terminal:proxy_target","message":"Remote terminal proxy target resolved","runId":"probe-2","sessionId":"2d97d5","timestamp":1774725843678}
{"data":{"cmd":null,"cwd":"/home/aura/test","keyCount":4,"type":"spawn"},"hypothesisId":"H11","location":"remote_terminal.rs:forward_client:spawn_payload","message":"Observed outbound terminal control payload","runId":"probe-5","sessionId":"2d97d5","timestamp":1774725844046}
{"data":{"hasCwd":false,"hasData":false,"type":"spawned"},"hypothesisId":"H11","location":"remote_terminal.rs:forward_upstream:message_shape","message":"Observed upstream terminal message shape","runId":"probe-5","sessionId":"2d97d5","timestamp":1774725844115}
{"data":{"hasCwd":false,"hasData":true,"type":"output"},"hypothesisId":"H11","location":"remote_terminal.rs:forward_upstream:message_shape","message":"Observed upstream terminal message shape","runId":"probe-5","sessionId":"2d97d5","timestamp":1774725844224}
{"data":{"hasCwd":false,"hasData":true,"type":"output"},"hypothesisId":"H11","location":"remote_terminal.rs:forward_upstream:message_shape","message":"Observed upstream terminal message shape","runId":"probe-5","sessionId":"2d97d5","timestamp":1774725844225}
{"data":{"agentId":"4ce25b0a-0d5c-4354-9e1a-88083c39e014"},"hypothesisId":"H9","location":"remote_terminal.rs:ws_remote_terminal:entry","message":"Remote terminal websocket requested","runId":"probe-2","sessionId":"2d97d5","timestamp":1774725846643}
{"data":{"agentId":"4ce25b0a-0d5c-4354-9e1a-88083c39e014","upstreamUrl":"ws://ab6d2375031e74ce1976fdf62ea951a4-e757483aaffba396.elb.us-east-2.amazonaws.com/v1/agents/4ce25b0a-0d5c-4354-9e1a-88083c39e014/terminal/ws"},"hypothesisId":"H9","location":"remote_terminal.rs:ws_remote_terminal:proxy_target","message":"Remote terminal proxy target resolved","runId":"probe-2","sessionId":"2d97d5","timestamp":1774725846685}
{"data":{"cmd":null,"cwd":"/home/aura/test","keyCount":4,"type":"spawn"},"hypothesisId":"H11","location":"remote_terminal.rs:forward_client:spawn_payload","message":"Observed outbound terminal control payload","runId":"probe-5","sessionId":"2d97d5","timestamp":1774725846844}
{"data":{"hasCwd":false,"hasData":false,"type":"spawned"},"hypothesisId":"H11","location":"remote_terminal.rs:forward_upstream:message_shape","message":"Observed upstream terminal message shape","runId":"probe-5","sessionId":"2d97d5","timestamp":1774725846910}
{"data":{"hasCwd":false,"hasData":true,"type":"output"},"hypothesisId":"H11","location":"remote_terminal.rs:forward_upstream:message_shape","message":"Observed upstream terminal message shape","runId":"probe-5","sessionId":"2d97d5","timestamp":1774725847023}
{"data":{"hasCwd":false,"hasData":true,"type":"output"},"hypothesisId":"H11","location":"remote_terminal.rs:forward_upstream:message_shape","message":"Observed upstream terminal message shape","runId":"probe-5","sessionId":"2d97d5","timestamp":1774725847024}
{"data":{"agentId":"4ce25b0a-0d5c-4354-9e1a-88083c39e014"},"hypothesisId":"H9","location":"remote_terminal.rs:ws_remote_terminal:entry","message":"Remote terminal websocket requested","runId":"probe-2","sessionId":"2d97d5","timestamp":1774725848248}
{"data":{"agentId":"4ce25b0a-0d5c-4354-9e1a-88083c39e014","upstreamUrl":"ws://ab6d2375031e74ce1976fdf62ea951a4-e757483aaffba396.elb.us-east-2.amazonaws.com/v1/agents/4ce25b0a-0d5c-4354-9e1a-88083c39e014/terminal/ws"},"hypothesisId":"H9","location":"remote_terminal.rs:ws_remote_terminal:proxy_target","message":"Remote terminal proxy target resolved","runId":"probe-2","sessionId":"2d97d5","timestamp":1774725848308}
{"data":{"cmd":null,"cwd":"/home/aura/test","keyCount":4,"type":"spawn"},"hypothesisId":"H11","location":"remote_terminal.rs:forward_client:spawn_payload","message":"Observed outbound terminal control payload","runId":"probe-5","sessionId":"2d97d5","timestamp":1774725848472}
{"data":{"hasCwd":false,"hasData":false,"type":"spawned"},"hypothesisId":"H11","location":"remote_terminal.rs:forward_upstream:message_shape","message":"Observed upstream terminal message shape","runId":"probe-5","sessionId":"2d97d5","timestamp":1774725848544}
{"data":{"hasCwd":false,"hasData":true,"type":"output"},"hypothesisId":"H11","location":"remote_terminal.rs:forward_upstream:message_shape","message":"Observed upstream terminal message shape","runId":"probe-5","sessionId":"2d97d5","timestamp":1774725848650}
{"data":{"hasCwd":false,"hasData":true,"type":"output"},"hypothesisId":"H11","location":"remote_terminal.rs:forward_upstream:message_shape","message":"Observed upstream terminal message shape","runId":"probe-5","sessionId":"2d97d5","timestamp":1774725848651}
{"data":{"agentId":"4ce25b0a-0d5c-4354-9e1a-88083c39e014"},"hypothesisId":"H9","location":"remote_terminal.rs:ws_remote_terminal:entry","message":"Remote terminal websocket requested","runId":"probe-2","sessionId":"2d97d5","timestamp":1774725849299}
{"data":{"agentId":"4ce25b0a-0d5c-4354-9e1a-88083c39e014","upstreamUrl":"ws://ab6d2375031e74ce1976fdf62ea951a4-e757483aaffba396.elb.us-east-2.amazonaws.com/v1/agents/4ce25b0a-0d5c-4354-9e1a-88083c39e014/terminal/ws"},"hypothesisId":"H9","location":"remote_terminal.rs:ws_remote_terminal:proxy_target","message":"Remote terminal proxy target resolved","runId":"probe-2","sessionId":"2d97d5","timestamp":1774725849344}
{"data":{"cmd":null,"cwd":"/home/aura/test","keyCount":4,"type":"spawn"},"hypothesisId":"H11","location":"remote_terminal.rs:forward_client:spawn_payload","message":"Observed outbound terminal control payload","runId":"probe-5","sessionId":"2d97d5","timestamp":1774725849495}
{"data":{"hasCwd":false,"hasData":false,"type":"spawned"},"hypothesisId":"H11","location":"remote_terminal.rs:forward_upstream:message_shape","message":"Observed upstream terminal message shape","runId":"probe-5","sessionId":"2d97d5","timestamp":1774725849561}
{"data":{"hasCwd":false,"hasData":true,"type":"output"},"hypothesisId":"H11","location":"remote_terminal.rs:forward_upstream:message_shape","message":"Observed upstream terminal message shape","runId":"probe-5","sessionId":"2d97d5","timestamp":1774725849671}
{"data":{"hasCwd":false,"hasData":true,"type":"output"},"hypothesisId":"H11","location":"remote_terminal.rs:forward_upstream:message_shape","message":"Observed upstream terminal message shape","runId":"probe-5","sessionId":"2d97d5","timestamp":1774725849672}
